\BOOKMARK [0][-]{dummy.2}{\376\377\000C\000a\000n\000d\000i\000d\000a\000t\000e\000'\000s\000\040\000D\000e\000c\000l\000a\000r\000a\000t\000i\000o\000n}{}% 1
\BOOKMARK [0][-]{dummy.4}{\376\377\000A\000b\000s\000t\000r\000a\000c\000t}{}% 2
\BOOKMARK [0][-]{dummy.6}{\376\377\000A\000c\000k\000n\000o\000w\000l\000e\000d\000g\000e\000m\000e\000n\000t}{}% 3
\BOOKMARK [0][-]{dummy.8}{\376\377\000L\000i\000s\000t\000\040\000o\000f\000\040\000F\000i\000g\000u\000r\000e\000s}{}% 4
\BOOKMARK [0][-]{dummy.10}{\376\377\000L\000i\000s\000t\000\040\000o\000f\000\040\000T\000a\000b\000l\000e\000s}{}% 5
\BOOKMARK [0][-]{dummy.12}{\376\377\000L\000i\000s\000t\000\040\000o\000f\000\040\000A\000b\000b\000r\000e\000v\000i\000a\000t\000i\000o\000n\000s}{}% 6
\BOOKMARK [0][-]{chapter.15}{\376\377\0001\000\040\000I\000n\000t\000r\000o\000d\000u\000c\000t\000i\000o\000n\000\040\000t\000o\000\040\000O\000r\000g\000a\000n\000i\000s\000a\000t\000i\000o\000n}{}% 7
\BOOKMARK [1][-]{section.16}{\376\377\0001\000.\0001\000\040\000O\000r\000g\000a\000n\000i\000s\000a\000t\000i\000o\000n\000\040\000P\000r\000o\000f\000i\000l\000e\000\040\000a\000n\000d\000\040\000H\000i\000s\000t\000o\000r\000y}{chapter.15}% 8
\BOOKMARK [1][-]{section.17}{\376\377\0001\000.\0002\000\040\000M\000i\000s\000s\000i\000o\000n\000\040\000A\000n\000d\000\040\000V\000i\000s\000i\000o\000n}{chapter.15}% 9
\BOOKMARK [1][-]{section.18}{\376\377\0001\000.\0003\000\040\000M\000a\000n\000a\000g\000e\000m\000e\000n\000t\000\040\000T\000e\000a\000m}{chapter.15}% 10
\BOOKMARK [0][-]{chapter.19}{\376\377\0002\000\040\000I\000n\000t\000r\000o\000d\000u\000c\000t\000i\000o\000n\000\040\000t\000o\000\040\000P\000r\000o\000j\000e\000c\000t}{}% 11
\BOOKMARK [1][-]{section.20}{\376\377\0002\000.\0001\000\040\000O\000v\000e\000r\000v\000i\000e\000w}{chapter.19}% 12
\BOOKMARK [1][-]{section.21}{\376\377\0002\000.\0002\000\040\000W\000h\000y\000\040\000w\000e\000\040\000A\000n\000a\000l\000y\000s\000i\000z\000e\000\040\000B\000a\000n\000k\000\040\000M\000a\000r\000k\000e\000t\000i\000n\000g\000\040\000D\000a\000t\000a\000\040\000?}{chapter.19}% 13
\BOOKMARK [1][-]{section.22}{\376\377\0002\000.\0003\000\040\000E\000x\000i\000t\000s\000i\000n\000g\000\040\000S\000y\000s\000t\000e\000m}{chapter.19}% 14
\BOOKMARK [1][-]{section.23}{\376\377\0002\000.\0004\000\040\000W\000o\000r\000k\000i\000n\000g\000\040\000D\000i\000r\000e\000c\000t\000o\000r\000y\000\040\000A\000n\000d\000\040\000R\000e\000q\000u\000i\000r\000e\000d\000\040\000P\000a\000c\000k\000a\000g\000e\000s}{chapter.19}% 15
\BOOKMARK [2][-]{subsection.24}{\376\377\0002\000.\0004\000.\0001\000\040\000F\000u\000n\000c\000t\000i\000o\000n\000a\000l\000\040\000R\000e\000q\000u\000i\000r\000e\000m\000e\000n\000t\000s}{section.23}% 16
\BOOKMARK [1][-]{section.25}{\376\377\0002\000.\0005\000\040\000F\000e\000a\000s\000i\000b\000i\000l\000i\000t\000y\000\040\000S\000t\000u\000d\000y}{chapter.19}% 17
\BOOKMARK [1][-]{section.31}{\376\377\0002\000.\0006\000\040\000O\000b\000j\000e\000c\000t\000i\000v\000e\000s\000\040\000o\000f\000\040\000t\000h\000e\000\040\000P\000r\000o\000j\000e\000c\000t\000\040}{chapter.19}% 18
\BOOKMARK [0][-]{chapter.32}{\376\377\0003\000\040\000P\000r\000o\000d\000u\000c\000t\000\040\000D\000e\000s\000i\000g\000n}{}% 19
\BOOKMARK [1][-]{section.33}{\376\377\0003\000.\0001\000\040\000P\000r\000o\000d\000u\000c\000t\000\040\000P\000e\000r\000s\000p\000e\000c\000t\000i\000v\000e}{chapter.32}% 20
\BOOKMARK [1][-]{section.34}{\376\377\0003\000.\0002\000\040\000C\000h\000a\000r\000a\000c\000t\000e\000r\000i\000s\000t\000i\000c\000s\000\040\000o\000f\000\040\000t\000h\000e\000\040\000D\000a\000t\000a}{chapter.32}% 21
\BOOKMARK [1][-]{section.38}{\376\377\0003\000.\0003\000\040\000D\000e\000f\000i\000n\000i\000t\000i\000o\000n\000\040\000o\000f\000\040\000I\000n\000p\000u\000t\000\040\000V\000a\000r\000i\000a\000b\000l\000e\000s}{chapter.32}% 22
\BOOKMARK [1][-]{section.39}{\376\377\0003\000.\0004\000\040\000S\000a\000m\000p\000l\000e\000\040\000o\000f\000\040\000R\000e\000c\000o\000r\000d\000s}{chapter.32}% 23
\BOOKMARK [1][-]{section.41}{\376\377\0003\000.\0005\000\040\000F\000l\000o\000w\000\040\000C\000h\000a\000r\000t}{chapter.32}% 24
\BOOKMARK [1][-]{section.43}{\376\377\0003\000.\0006\000\040\000A\000s\000s\000u\000m\000p\000t\000i\000o\000n\000s\000\040\000a\000n\000d\000\040\000D\000e\000p\000e\000n\000d\000e\000n\000c\000i\000e\000s}{chapter.32}% 25
\BOOKMARK [1][-]{section.44}{\376\377\0003\000.\0007\000\040\000S\000p\000e\000c\000i\000f\000i\000c\000\040\000R\000e\000q\000u\000i\000r\000e\000m\000e\000n\000t\000s}{chapter.32}% 26
\BOOKMARK [0][-]{chapter.45}{\376\377\0004\000\040\000D\000e\000v\000e\000l\000o\000p\000m\000e\000n\000t\000\040\000a\000n\000d\000\040\000I\000m\000p\000l\000e\000m\000e\000n\000t\000a\000t\000i\000o\000n}{}% 27
\BOOKMARK [1][-]{section.46}{\376\377\0004\000.\0001\000\040\000D\000a\000t\000a\000\040\000I\000m\000p\000o\000r\000t\000i\000n\000g}{chapter.45}% 28
\BOOKMARK [2][-]{subsection.47}{\376\377\0004\000.\0001\000.\0001\000\040\000H\000a\000d\000o\000o\000p\000\040\000F\000i\000l\000e\000\040\000D\000i\000s\000t\000r\000i\000b\000u\000t\000i\000o\000n\000\040\000S\000y\000s\000t\000e\000m\000\050\000H\000D\000F\000S\000\051\000\040}{section.46}% 29
\BOOKMARK [2][-]{subsection.48}{\376\377\0004\000.\0001\000.\0002\000\040\000F\000e\000a\000t\000u\000r\000e\000s\000\040\000o\000f\000\040\000H\000D\000F\000S}{section.46}% 30
\BOOKMARK [2][-]{subsection.49}{\376\377\0004\000.\0001\000.\0003\000\040\000A\000r\000c\000h\000i\000t\000e\000c\000t\000u\000r\000e\000\040\000o\000f\000\040\000H\000D\000F\000S}{section.46}% 31
\BOOKMARK [1][-]{section.51}{\376\377\0004\000.\0002\000\040\000S\000u\000p\000p\000o\000r\000t\000i\000n\000g\000\040\000T\000o\000o\000l\000s}{chapter.45}% 32
\BOOKMARK [2][-]{subsection.52}{\376\377\0004\000.\0002\000.\0001\000\040\000P\000i\000g}{section.51}% 33
\BOOKMARK [2][-]{subsection.53}{\376\377\0004\000.\0002\000.\0002\000\040\000H\000i\000v\000e}{section.51}% 34
\BOOKMARK [2][-]{subsection.55}{\376\377\0004\000.\0002\000.\0003\000\040\000S\000Q\000O\000O\000P}{section.51}% 35
\BOOKMARK [2][-]{subsection.57}{\376\377\0004\000.\0002\000.\0004\000\040\000H\000C\000a\000t\000a\000l\000o\000g}{section.51}% 36
\BOOKMARK [2][-]{subsection.59}{\376\377\0004\000.\0002\000.\0005\000\040\000T\000a\000b\000l\000e\000a\000u}{section.51}% 37
\BOOKMARK [1][-]{section.60}{\376\377\0004\000.\0003\000\040\000I\000m\000p\000l\000e\000m\000e\000n\000t\000a\000t\000i\000o\000n\000\040\000w\000i\000t\000h\000\040\000S\000c\000r\000e\000e\000n\000S\000h\000o\000t\000s}{chapter.45}% 38
\BOOKMARK [1][-]{section.69}{\376\377\0004\000.\0004\000\040\000T\000e\000s\000t\000i\000n\000g}{chapter.45}% 39
\BOOKMARK [2][-]{subsection.70}{\376\377\0004\000.\0004\000.\0001\000\040\000T\000e\000s\000t\000i\000n\000g\000\040\000S\000t\000e\000p\000s\000\040\000i\000n\000\040\000v\000e\000r\000i\000f\000y\000i\000n\000g\000\040\000B\000i\000g\000\040\000D\000a\000t\000a\000\040\000A\000p\000p\000l\000i\000c\000a\000t\000i\000o\000n\000s}{section.69}% 40
\BOOKMARK [2][-]{subsection.72}{\376\377\0004\000.\0004\000.\0002\000\040\000A\000r\000c\000h\000i\000t\000e\000c\000t\000u\000r\000e\000\040\000T\000e\000s\000t\000i\000n\000g}{section.69}% 41
\BOOKMARK [2][-]{subsection.73}{\376\377\0004\000.\0004\000.\0003\000\040\000P\000e\000r\000f\000o\000r\000m\000a\000n\000c\000e\000\040\000T\000e\000s\000t\000i\000n\000g}{section.69}% 42
\BOOKMARK [2][-]{subsection.74}{\376\377\0004\000.\0004\000.\0004\000\040\000T\000e\000s\000t\000\040\000E\000n\000v\000i\000r\000o\000n\000m\000e\000n\000t\000\040\000N\000e\000e\000d\000s}{section.69}% 43
\BOOKMARK [0][-]{chapter.75}{\376\377\0005\000\040\000C\000o\000n\000c\000l\000u\000s\000i\000o\000n\000\040\000a\000n\000d\000\040\000F\000u\000t\000u\000r\000e\000\040\000S\000c\000o\000p\000e}{}% 44
\BOOKMARK [1][-]{section.76}{\376\377\0005\000.\0001\000\040\000C\000o\000n\000c\000l\000u\000s\000i\000o\000n}{chapter.75}% 45
\BOOKMARK [1][-]{section.77}{\376\377\0005\000.\0002\000\040\000F\000u\000t\000u\000r\000e\000\040\000S\000c\000o\000p\000e}{chapter.75}% 46
\BOOKMARK [0][-]{chapter.78}{\376\377\0006\000\040\000R\000e\000f\000r\000e\000n\000c\000e\000s}{}% 47
